2022-05-15 21:42:19.781  INFO 9344 --- [restartedMain] OrdersSolveTheOversoldProblemApplication : Starting SpringBootRedisHmdpRealizeCouponsToKillOrdersSolveTheOversoldProblemApplication using Java 16.0.2 on mao with PID 9344 (H:\程序\大三下期\spring_boot_redis_hmdp实现优惠券秒杀下单_解决超卖问题\target\classes started by mao in H:\程序\大三下期\spring_boot_redis_hmdp实现优惠券秒杀下单_解决超卖问题)
2022-05-15 21:42:19.783 DEBUG 9344 --- [restartedMain] OrdersSolveTheOversoldProblemApplication : Running with Spring Boot v2.6.7, Spring v5.3.19
2022-05-15 21:42:19.784  INFO 9344 --- [restartedMain] OrdersSolveTheOversoldProblemApplication : The following 1 profile is active: "dev"
2022-05-15 21:42:19.865  INFO 9344 --- [restartedMain] .e.DevToolsPropertyDefaultsPostProcessor : Devtools property defaults active! Set 'spring.devtools.add-properties' to 'false' to disable
2022-05-15 21:42:19.865  INFO 9344 --- [restartedMain] .e.DevToolsPropertyDefaultsPostProcessor : For additional web related logging consider setting the 'logging.level.web' property to 'DEBUG'
2022-05-15 21:42:20.438  INFO 9344 --- [restartedMain] .s.d.r.c.RepositoryConfigurationDelegate : Multiple Spring Data modules found, entering strict repository configuration mode!
2022-05-15 21:42:20.439  INFO 9344 --- [restartedMain] .s.d.r.c.RepositoryConfigurationDelegate : Bootstrapping Spring Data Redis repositories in DEFAULT mode.
2022-05-15 21:42:20.461  INFO 9344 --- [restartedMain] .s.d.r.c.RepositoryConfigurationDelegate : Finished Spring Data repository scanning in 12 ms. Found 0 Redis repository interfaces.
2022-05-15 21:42:20.914  INFO 9344 --- [restartedMain] o.s.b.w.embedded.tomcat.TomcatWebServer  : Tomcat initialized with port(s): 8081 (http)
2022-05-15 21:42:20.921  INFO 9344 --- [restartedMain] o.apache.catalina.core.StandardService   : Starting service [Tomcat]
2022-05-15 21:42:20.921  INFO 9344 --- [restartedMain] org.apache.catalina.core.StandardEngine  : Starting Servlet engine: [Apache Tomcat/9.0.62]
2022-05-15 21:42:20.981  INFO 9344 --- [restartedMain] o.a.c.c.C.[Tomcat].[localhost].[/]       : Initializing Spring embedded WebApplicationContext
2022-05-15 21:42:20.981  INFO 9344 --- [restartedMain] w.s.c.ServletWebServerApplicationContext : Root WebApplicationContext: initialization completed in 1115 ms
2022-05-15 21:42:21.201  INFO 9344 --- [restartedMain] c.a.d.s.b.a.DruidDataSourceAutoConfigure : Init DruidDataSource
2022-05-15 21:42:21.291  INFO 9344 --- [restartedMain] com.alibaba.druid.pool.DruidDataSource   : {dataSource-1} inited
2022-05-15 21:42:22.152  INFO 9344 --- [restartedMain] o.s.b.d.a.OptionalLiveReloadServer       : LiveReload server is running on port 35729
2022-05-15 21:42:22.194  INFO 9344 --- [restartedMain] o.s.b.w.embedded.tomcat.TomcatWebServer  : Tomcat started on port(s): 8081 (http) with context path ''
2022-05-15 21:42:22.204  INFO 9344 --- [restartedMain] OrdersSolveTheOversoldProblemApplication : Started SpringBootRedisHmdpRealizeCouponsToKillOrdersSolveTheOversoldProblemApplication in 3.04 seconds (JVM running for 3.783)
2022-05-15 21:42:28.465  INFO 9344 --- [SpringApplicationShutdownHook] com.alibaba.druid.pool.DruidDataSource   : {dataSource-1} closing ...
2022-05-15 21:42:28.465  INFO 9344 --- [SpringApplicationShutdownHook] com.alibaba.druid.pool.DruidDataSource   : {dataSource-1} closed
2022-05-15 21:51:54.840  INFO 13948 --- [restartedMain] OrdersSolveTheOversoldProblemApplication : Starting SpringBootRedisHmdpRealizeCouponsToKillOrdersSolveTheOversoldProblemApplication using Java 16.0.2 on mao with PID 13948 (H:\程序\大三下期\spring_boot_redis_hmdp实现优惠券秒杀下单_解决超卖问题\target\classes started by mao in H:\程序\大三下期\spring_boot_redis_hmdp实现优惠券秒杀下单_解决超卖问题)
2022-05-15 21:51:54.841 DEBUG 13948 --- [restartedMain] OrdersSolveTheOversoldProblemApplication : Running with Spring Boot v2.6.7, Spring v5.3.19
2022-05-15 21:51:54.841  INFO 13948 --- [restartedMain] OrdersSolveTheOversoldProblemApplication : The following 1 profile is active: "dev"
2022-05-15 21:51:54.876  INFO 13948 --- [restartedMain] .e.DevToolsPropertyDefaultsPostProcessor : Devtools property defaults active! Set 'spring.devtools.add-properties' to 'false' to disable
2022-05-15 21:51:54.876  INFO 13948 --- [restartedMain] .e.DevToolsPropertyDefaultsPostProcessor : For additional web related logging consider setting the 'logging.level.web' property to 'DEBUG'
2022-05-15 21:51:55.379  INFO 13948 --- [restartedMain] .s.d.r.c.RepositoryConfigurationDelegate : Multiple Spring Data modules found, entering strict repository configuration mode!
2022-05-15 21:51:55.380  INFO 13948 --- [restartedMain] .s.d.r.c.RepositoryConfigurationDelegate : Bootstrapping Spring Data Redis repositories in DEFAULT mode.
2022-05-15 21:51:55.402  INFO 13948 --- [restartedMain] .s.d.r.c.RepositoryConfigurationDelegate : Finished Spring Data repository scanning in 12 ms. Found 0 Redis repository interfaces.
2022-05-15 21:51:55.855  INFO 13948 --- [restartedMain] o.s.b.w.embedded.tomcat.TomcatWebServer  : Tomcat initialized with port(s): 8081 (http)
2022-05-15 21:51:55.862  INFO 13948 --- [restartedMain] o.apache.catalina.core.StandardService   : Starting service [Tomcat]
2022-05-15 21:51:55.862  INFO 13948 --- [restartedMain] org.apache.catalina.core.StandardEngine  : Starting Servlet engine: [Apache Tomcat/9.0.62]
2022-05-15 21:51:55.921  INFO 13948 --- [restartedMain] o.a.c.c.C.[Tomcat].[localhost].[/]       : Initializing Spring embedded WebApplicationContext
2022-05-15 21:51:55.921  INFO 13948 --- [restartedMain] w.s.c.ServletWebServerApplicationContext : Root WebApplicationContext: initialization completed in 1044 ms
2022-05-15 21:51:56.136  INFO 13948 --- [restartedMain] c.a.d.s.b.a.DruidDataSourceAutoConfigure : Init DruidDataSource
2022-05-15 21:51:56.231  INFO 13948 --- [restartedMain] com.alibaba.druid.pool.DruidDataSource   : {dataSource-1} inited
2022-05-15 21:51:57.112  INFO 13948 --- [restartedMain] o.s.b.d.a.OptionalLiveReloadServer       : LiveReload server is running on port 35729
2022-05-15 21:51:57.160  INFO 13948 --- [restartedMain] o.s.b.w.embedded.tomcat.TomcatWebServer  : Tomcat started on port(s): 8081 (http) with context path ''
2022-05-15 21:51:57.172  INFO 13948 --- [restartedMain] OrdersSolveTheOversoldProblemApplication : Started SpringBootRedisHmdpRealizeCouponsToKillOrdersSolveTheOversoldProblemApplication in 2.735 seconds (JVM running for 3.597)
2022-05-15 21:53:09.896  INFO 13948 --- [http-nio-8081-exec-84] o.a.c.c.C.[Tomcat].[localhost].[/]       : Initializing Spring DispatcherServlet 'dispatcherServlet'
2022-05-15 21:53:09.896  INFO 13948 --- [http-nio-8081-exec-84] o.s.web.servlet.DispatcherServlet        : Initializing Servlet 'dispatcherServlet'
2022-05-15 21:53:09.897  INFO 13948 --- [http-nio-8081-exec-84] o.s.web.servlet.DispatcherServlet        : Completed initialization in 0 ms
2022-05-15 21:53:10.197 DEBUG 13948 --- [http-nio-8081-exec-83] m.s.m.SeckillVoucherMapper.selectById    : ==>  Preparing: SELECT voucher_id,stock,create_time,begin_time,end_time,update_time FROM tb_seckill_voucher WHERE voucher_id=?
2022-05-15 21:53:10.197 DEBUG 13948 --- [http-nio-8081-exec-58] m.s.m.SeckillVoucherMapper.selectById    : ==>  Preparing: SELECT voucher_id,stock,create_time,begin_time,end_time,update_time FROM tb_seckill_voucher WHERE voucher_id=?
2022-05-15 21:53:10.210 DEBUG 13948 --- [http-nio-8081-exec-104] m.s.m.SeckillVoucherMapper.selectById    : ==>  Preparing: SELECT voucher_id,stock,create_time,begin_time,end_time,update_time FROM tb_seckill_voucher WHERE voucher_id=?
2022-05-15 21:53:10.216 DEBUG 13948 --- [http-nio-8081-exec-104] m.s.m.SeckillVoucherMapper.selectById    : ==> Parameters: 2(Long)
2022-05-15 21:53:10.216 DEBUG 13948 --- [http-nio-8081-exec-58] m.s.m.SeckillVoucherMapper.selectById    : ==> Parameters: 2(Long)
2022-05-15 21:53:10.216 DEBUG 13948 --- [http-nio-8081-exec-83] m.s.m.SeckillVoucherMapper.selectById    : ==> Parameters: 2(Long)
2022-05-15 21:53:10.230 DEBUG 13948 --- [http-nio-8081-exec-74] m.s.m.SeckillVoucherMapper.selectById    : ==>  Preparing: SELECT voucher_id,stock,create_time,begin_time,end_time,update_time FROM tb_seckill_voucher WHERE voucher_id=?
2022-05-15 21:53:10.231 DEBUG 13948 --- [http-nio-8081-exec-74] m.s.m.SeckillVoucherMapper.selectById    : ==> Parameters: 2(Long)
2022-05-15 21:53:10.235 DEBUG 13948 --- [http-nio-8081-exec-58] m.s.m.SeckillVoucherMapper.selectById    : <==      Total: 1
2022-05-15 21:53:10.235 DEBUG 13948 --- [http-nio-8081-exec-104] m.s.m.SeckillVoucherMapper.selectById    : <==      Total: 1
2022-05-15 21:53:10.235 DEBUG 13948 --- [http-nio-8081-exec-74] m.s.m.SeckillVoucherMapper.selectById    : <==      Total: 1
2022-05-15 21:53:10.235 DEBUG 13948 --- [http-nio-8081-exec-83] m.s.m.SeckillVoucherMapper.selectById    : <==      Total: 1
2022-05-15 21:53:10.249 DEBUG 13948 --- [http-nio-8081-exec-63] m.s.m.SeckillVoucherMapper.selectById    : ==>  Preparing: SELECT voucher_id,stock,create_time,begin_time,end_time,update_time FROM tb_seckill_voucher WHERE voucher_id=?
2022-05-15 21:53:10.250 DEBUG 13948 --- [http-nio-8081-exec-63] m.s.m.SeckillVoucherMapper.selectById    : ==> Parameters: 2(Long)
2022-05-15 21:53:10.251 DEBUG 13948 --- [http-nio-8081-exec-63] m.s.m.SeckillVoucherMapper.selectById    : <==      Total: 1
2022-05-15 21:53:10.268 DEBUG 13948 --- [http-nio-8081-exec-91] m.s.m.SeckillVoucherMapper.selectById    : ==>  Preparing: SELECT voucher_id,stock,create_time,begin_time,end_time,update_time FROM tb_seckill_voucher WHERE voucher_id=?
2022-05-15 21:53:10.268 DEBUG 13948 --- [http-nio-8081-exec-91] m.s.m.SeckillVoucherMapper.selectById    : ==> Parameters: 2(Long)
2022-05-15 21:53:10.269 DEBUG 13948 --- [http-nio-8081-exec-91] m.s.m.SeckillVoucherMapper.selectById    : <==      Total: 1
2022-05-15 21:53:10.271 DEBUG 13948 --- [http-nio-8081-exec-74] m.s.mapper.SeckillVoucherMapper.update   : ==>  Preparing: UPDATE tb_seckill_voucher SET stock = stock - 1 WHERE (voucher_id = ? AND stock > ?)
2022-05-15 21:53:10.271 DEBUG 13948 --- [http-nio-8081-exec-91] m.s.mapper.SeckillVoucherMapper.update   : ==>  Preparing: UPDATE tb_seckill_voucher SET stock = stock - 1 WHERE (voucher_id = ? AND stock > ?)
2022-05-15 21:53:10.271 DEBUG 13948 --- [http-nio-8081-exec-83] m.s.mapper.SeckillVoucherMapper.update   : ==>  Preparing: UPDATE tb_seckill_voucher SET stock = stock - 1 WHERE (voucher_id = ? AND stock > ?)
2022-05-15 21:53:10.271 DEBUG 13948 --- [http-nio-8081-exec-104] m.s.mapper.SeckillVoucherMapper.update   : ==>  Preparing: UPDATE tb_seckill_voucher SET stock = stock - 1 WHERE (voucher_id = ? AND stock > ?)
2022-05-15 21:53:10.271 DEBUG 13948 --- [http-nio-8081-exec-58] m.s.mapper.SeckillVoucherMapper.update   : ==>  Preparing: UPDATE tb_seckill_voucher SET stock = stock - 1 WHERE (voucher_id = ? AND stock > ?)
2022-05-15 21:53:10.271 DEBUG 13948 --- [http-nio-8081-exec-63] m.s.mapper.SeckillVoucherMapper.update   : ==>  Preparing: UPDATE tb_seckill_voucher SET stock = stock - 1 WHERE (voucher_id = ? AND stock > ?)
2022-05-15 21:53:10.273 DEBUG 13948 --- [http-nio-8081-exec-58] m.s.mapper.SeckillVoucherMapper.update   : ==> Parameters: 2(Long), 0(Integer)
2022-05-15 21:53:10.273 DEBUG 13948 --- [http-nio-8081-exec-104] m.s.mapper.SeckillVoucherMapper.update   : ==> Parameters: 2(Long), 0(Integer)
2022-05-15 21:53:10.273 DEBUG 13948 --- [http-nio-8081-exec-63] m.s.mapper.SeckillVoucherMapper.update   : ==> Parameters: 2(Long), 0(Integer)
2022-05-15 21:53:10.273 DEBUG 13948 --- [http-nio-8081-exec-74] m.s.mapper.SeckillVoucherMapper.update   : ==> Parameters: 2(Long), 0(Integer)
2022-05-15 21:53:10.273 DEBUG 13948 --- [http-nio-8081-exec-83] m.s.mapper.SeckillVoucherMapper.update   : ==> Parameters: 2(Long), 0(Integer)
2022-05-15 21:53:10.273 DEBUG 13948 --- [http-nio-8081-exec-91] m.s.mapper.SeckillVoucherMapper.update   : ==> Parameters: 2(Long), 0(Integer)
2022-05-15 21:53:10.275 DEBUG 13948 --- [http-nio-8081-exec-104] m.s.mapper.SeckillVoucherMapper.update   : <==    Updates: 1
2022-05-15 21:53:10.286 DEBUG 13948 --- [http-nio-8081-exec-71] m.s.m.SeckillVoucherMapper.selectById    : ==>  Preparing: SELECT voucher_id,stock,create_time,begin_time,end_time,update_time FROM tb_seckill_voucher WHERE voucher_id=?
2022-05-15 21:53:10.286 DEBUG 13948 --- [http-nio-8081-exec-71] m.s.m.SeckillVoucherMapper.selectById    : ==> Parameters: 2(Long)
2022-05-15 21:53:10.287 DEBUG 13948 --- [http-nio-8081-exec-71] m.s.m.SeckillVoucherMapper.selectById    : <==      Total: 1
2022-05-15 21:53:10.289 DEBUG 13948 --- [http-nio-8081-exec-71] m.s.mapper.SeckillVoucherMapper.update   : ==>  Preparing: UPDATE tb_seckill_voucher SET stock = stock - 1 WHERE (voucher_id = ? AND stock > ?)
2022-05-15 21:53:10.289 DEBUG 13948 --- [http-nio-8081-exec-71] m.s.mapper.SeckillVoucherMapper.update   : ==> Parameters: 2(Long), 0(Integer)
2022-05-15 21:53:10.305 DEBUG 13948 --- [http-nio-8081-exec-89] m.s.m.SeckillVoucherMapper.selectById    : ==>  Preparing: SELECT voucher_id,stock,create_time,begin_time,end_time,update_time FROM tb_seckill_voucher WHERE voucher_id=?
2022-05-15 21:53:10.305 DEBUG 13948 --- [http-nio-8081-exec-89] m.s.m.SeckillVoucherMapper.selectById    : ==> Parameters: 2(Long)
2022-05-15 21:53:10.306 DEBUG 13948 --- [http-nio-8081-exec-89] m.s.m.SeckillVoucherMapper.selectById    : <==      Total: 1
2022-05-15 21:53:10.308 DEBUG 13948 --- [http-nio-8081-exec-89] m.s.mapper.SeckillVoucherMapper.update   : ==>  Preparing: UPDATE tb_seckill_voucher SET stock = stock - 1 WHERE (voucher_id = ? AND stock > ?)
2022-05-15 21:53:10.308 DEBUG 13948 --- [http-nio-8081-exec-89] m.s.mapper.SeckillVoucherMapper.update   : ==> Parameters: 2(Long), 0(Integer)
2022-05-15 21:53:10.590 DEBUG 13948 --- [http-nio-8081-exec-104] m.s.mapper.VoucherOrderMapper.insert     : ==>  Preparing: INSERT INTO tb_voucher_order ( id, user_id, voucher_id ) VALUES ( ?, ?, ? )
2022-05-15 21:53:10.591 DEBUG 13948 --- [http-nio-8081-exec-104] m.s.mapper.VoucherOrderMapper.insert     : ==> Parameters: 50063813839421834(Long), 5(Long), 2(Long)
2022-05-15 21:53:10.593 DEBUG 13948 --- [http-nio-8081-exec-104] m.s.mapper.VoucherOrderMapper.insert     : <==    Updates: 1
2022-05-15 21:53:10.595 DEBUG 13948 --- [http-nio-8081-exec-74] m.s.mapper.SeckillVoucherMapper.update   : <==    Updates: 1
2022-05-15 21:53:10.597 DEBUG 13948 --- [http-nio-8081-exec-2] m.s.m.SeckillVoucherMapper.selectById    : ==>  Preparing: SELECT voucher_id,stock,create_time,begin_time,end_time,update_time FROM tb_seckill_voucher WHERE voucher_id=?
2022-05-15 21:53:10.597 DEBUG 13948 --- [http-nio-8081-exec-74] m.s.mapper.VoucherOrderMapper.insert     : ==>  Preparing: INSERT INTO tb_voucher_order ( id, user_id, voucher_id ) VALUES ( ?, ?, ? )
2022-05-15 21:53:10.597 DEBUG 13948 --- [http-nio-8081-exec-2] m.s.m.SeckillVoucherMapper.selectById    : ==> Parameters: 2(Long)
2022-05-15 21:53:10.597 DEBUG 13948 --- [http-nio-8081-exec-74] m.s.mapper.VoucherOrderMapper.insert     : ==> Parameters: 50063813839421835(Long), 5(Long), 2(Long)
2022-05-15 21:53:10.598 DEBUG 13948 --- [http-nio-8081-exec-74] m.s.mapper.VoucherOrderMapper.insert     : <==    Updates: 1
2022-05-15 21:53:10.598 DEBUG 13948 --- [http-nio-8081-exec-2] m.s.m.SeckillVoucherMapper.selectById    : <==      Total: 1
2022-05-15 21:53:10.600 DEBUG 13948 --- [http-nio-8081-exec-2] m.s.mapper.SeckillVoucherMapper.update   : ==>  Preparing: UPDATE tb_seckill_voucher SET stock = stock - 1 WHERE (voucher_id = ? AND stock > ?)
2022-05-15 21:53:10.600 DEBUG 13948 --- [http-nio-8081-exec-2] m.s.mapper.SeckillVoucherMapper.update   : ==> Parameters: 2(Long), 0(Integer)
2022-05-15 21:53:10.601 DEBUG 13948 --- [http-nio-8081-exec-58] m.s.mapper.SeckillVoucherMapper.update   : <==    Updates: 1
2022-05-15 21:53:10.602 DEBUG 13948 --- [http-nio-8081-exec-67] m.s.m.SeckillVoucherMapper.selectById    : ==>  Preparing: SELECT voucher_id,stock,create_time,begin_time,end_time,update_time FROM tb_seckill_voucher WHERE voucher_id=?
2022-05-15 21:53:10.602 DEBUG 13948 --- [http-nio-8081-exec-67] m.s.m.SeckillVoucherMapper.selectById    : ==> Parameters: 2(Long)
2022-05-15 21:53:10.603 DEBUG 13948 --- [http-nio-8081-exec-58] m.s.mapper.VoucherOrderMapper.insert     : ==>  Preparing: INSERT INTO tb_voucher_order ( id, user_id, voucher_id ) VALUES ( ?, ?, ? )
2022-05-15 21:53:10.603 DEBUG 13948 --- [http-nio-8081-exec-58] m.s.mapper.VoucherOrderMapper.insert     : ==> Parameters: 50063813839421836(Long), 5(Long), 2(Long)
2022-05-15 21:53:10.603 DEBUG 13948 --- [http-nio-8081-exec-67] m.s.m.SeckillVoucherMapper.selectById    : <==      Total: 1
2022-05-15 21:53:10.604 DEBUG 13948 --- [http-nio-8081-exec-58] m.s.mapper.VoucherOrderMapper.insert     : <==    Updates: 1
2022-05-15 21:53:10.605 DEBUG 13948 --- [http-nio-8081-exec-67] m.s.mapper.SeckillVoucherMapper.update   : ==>  Preparing: UPDATE tb_seckill_voucher SET stock = stock - 1 WHERE (voucher_id = ? AND stock > ?)
2022-05-15 21:53:10.605 DEBUG 13948 --- [http-nio-8081-exec-67] m.s.mapper.SeckillVoucherMapper.update   : ==> Parameters: 2(Long), 0(Integer)
2022-05-15 21:53:10.607 DEBUG 13948 --- [http-nio-8081-exec-83] m.s.mapper.SeckillVoucherMapper.update   : <==    Updates: 1
2022-05-15 21:53:10.607 DEBUG 13948 --- [http-nio-8081-exec-13] m.s.m.SeckillVoucherMapper.selectById    : ==>  Preparing: SELECT voucher_id,stock,create_time,begin_time,end_time,update_time FROM tb_seckill_voucher WHERE voucher_id=?
2022-05-15 21:53:10.608 DEBUG 13948 --- [http-nio-8081-exec-13] m.s.m.SeckillVoucherMapper.selectById    : ==> Parameters: 2(Long)
2022-05-15 21:53:10.609 DEBUG 13948 --- [http-nio-8081-exec-83] m.s.mapper.VoucherOrderMapper.insert     : ==>  Preparing: INSERT INTO tb_voucher_order ( id, user_id, voucher_id ) VALUES ( ?, ?, ? )
2022-05-15 21:53:10.609 DEBUG 13948 --- [http-nio-8081-exec-13] m.s.m.SeckillVoucherMapper.selectById    : <==      Total: 1
2022-05-15 21:53:10.609 DEBUG 13948 --- [http-nio-8081-exec-83] m.s.mapper.VoucherOrderMapper.insert     : ==> Parameters: 50063813839421837(Long), 5(Long), 2(Long)
2022-05-15 21:53:10.610 DEBUG 13948 --- [http-nio-8081-exec-13] m.s.mapper.SeckillVoucherMapper.update   : ==>  Preparing: UPDATE tb_seckill_voucher SET stock = stock - 1 WHERE (voucher_id = ? AND stock > ?)
2022-05-15 21:53:10.610 DEBUG 13948 --- [http-nio-8081-exec-83] m.s.mapper.VoucherOrderMapper.insert     : <==    Updates: 1
2022-05-15 21:53:10.611 DEBUG 13948 --- [http-nio-8081-exec-13] m.s.mapper.SeckillVoucherMapper.update   : ==> Parameters: 2(Long), 0(Integer)
2022-05-15 21:53:10.613 DEBUG 13948 --- [http-nio-8081-exec-91] m.s.mapper.SeckillVoucherMapper.update   : <==    Updates: 1
2022-05-15 21:53:10.614 DEBUG 13948 --- [http-nio-8081-exec-80] m.s.m.SeckillVoucherMapper.selectById    : ==>  Preparing: SELECT voucher_id,stock,create_time,begin_time,end_time,update_time FROM tb_seckill_voucher WHERE voucher_id=?
2022-05-15 21:53:10.614 DEBUG 13948 --- [http-nio-8081-exec-80] m.s.m.SeckillVoucherMapper.selectById    : ==> Parameters: 2(Long)
